<?xml version="1.0" encoding="UTF-8"?>
<!-- Generated by org.testng.reporters.JUnitReportReporter -->
<testsuite hostname="DELL" failures="0" tests="1" name="com.automation.website.Navigation" time="61.913" errors="0" timestamp="2020-04-19T16:41:55 IST" skipped="0">
  <testcase classname="com.automation.website.Navigation" name="checkout" time="61.913"/>
  <system-out/>
</testsuite> <!-- com.automation.website.Navigation -->
